app/build/intermediates/manifest_merge_blame_file/debug/manifest-merger-blame-debug-report.txt
1<?xml version="1.0" encoding="utf-8"?>
2<manifest xmlns:android="http://schemas.android.com/apk/res/android"
3    package="com.countdown.app"
4    android:versionCode="1"
5    android:versionName="1.0.0" >
6
7    <uses-sdk
8        android:minSdkVersion="24"
9        android:targetSdkVersion="34" />
10
11    <!-- Permissions -->
12    <uses-permission android:name="android.permission.POST_NOTIFICATIONS" />
12-->src/main/AndroidManifest.xml:6:5-77
12-->src/main/AndroidManifest.xml:6:22-74
13    <uses-permission android:name="android.permission.SCHEDULE_EXACT_ALARM" />
13-->src/main/AndroidManifest.xml:7:5-79
13-->src/main/AndroidManifest.xml:7:22-76
14    <uses-permission android:name="android.permission.USE_EXACT_ALARM" />
14-->src/main/AndroidManifest.xml:8:5-74
14-->src/main/AndroidManifest.xml:8:22-71
15    <uses-permission android:name="android.permission.RECEIVE_BOOT_COMPLETED" />
15-->src/main/AndroidManifest.xml:9:5-81
15-->src/main/AndroidManifest.xml:9:22-78
16    <uses-permission android:name="android.permission.WAKE_LOCK" />
16-->src/main/AndroidManifest.xml:10:5-68
16-->src/main/AndroidManifest.xml:10:22-65
17    <uses-permission android:name="android.permission.VIBRATE" />
17-->src/main/AndroidManifest.xml:11:5-66
17-->src/main/AndroidManifest.xml:11:22-63
18    <uses-permission android:name="android.permission.INTERNET" />
18-->src/main/AndroidManifest.xml:12:5-67
18-->src/main/AndroidManifest.xml:12:22-64
19    <uses-permission android:name="android.permission.REQUEST_INSTALL_PACKAGES" />
19-->src/main/AndroidManifest.xml:13:5-83
19-->src/main/AndroidManifest.xml:13:22-80
20    <uses-permission android:name="android.permission.FOREGROUND_SERVICE" />
20-->src/main/AndroidManifest.xml:14:5-77
20-->src/main/AndroidManifest.xml:14:22-74
21    <uses-permission android:name="android.permission.FOREGROUND_SERVICE_SPECIAL_USE" />
21-->src/main/AndroidManifest.xml:15:5-89
21-->src/main/AndroidManifest.xml:15:22-86
22    <uses-permission android:name="android.permission.SYSTEM_ALERT_WINDOW" />
22-->src/main/AndroidManifest.xml:16:5-78
22-->src/main/AndroidManifest.xml:16:22-75
23    <uses-permission android:name="android.permission.ACCESS_NETWORK_STATE" />
23-->[androidx.work:work-runtime:2.7.1] AndroidManifest.xml:26:5-79
23-->[androidx.work:work-runtime:2.7.1] AndroidManifest.xml:26:22-76
24
25    <permission
25-->[androidx.core:core:1.12.0] AndroidManifest.xml:22:5-24:47
26        android:name="com.countdown.app.DYNAMIC_RECEIVER_NOT_EXPORTED_PERMISSION"
26-->[androidx.core:core:1.12.0] AndroidManifest.xml:23:9-81
27        android:protectionLevel="signature" />
27-->[androidx.core:core:1.12.0] AndroidManifest.xml:24:9-44
28
29    <uses-permission android:name="com.countdown.app.DYNAMIC_RECEIVER_NOT_EXPORTED_PERMISSION" />
29-->[androidx.core:core:1.12.0] AndroidManifest.xml:26:5-97
29-->[androidx.core:core:1.12.0] AndroidManifest.xml:26:22-94
30
31    <application
31-->src/main/AndroidManifest.xml:18:5-122:19
32        android:name="com.countdown.app.CountdownApplication"
32-->src/main/AndroidManifest.xml:19:9-45
33        android:allowBackup="true"
33-->src/main/AndroidManifest.xml:20:9-35
34        android:appComponentFactory="androidx.core.app.CoreComponentFactory"
34-->[androidx.core:core:1.12.0] AndroidManifest.xml:28:18-86
35        android:dataExtractionRules="@xml/data_extraction_rules"
35-->src/main/AndroidManifest.xml:21:9-65
36        android:debuggable="true"
37        android:extractNativeLibs="false"
38        android:fullBackupContent="@xml/backup_rules"
38-->src/main/AndroidManifest.xml:22:9-54
39        android:icon="@mipmap/ic_launcher"
39-->src/main/AndroidManifest.xml:23:9-43
40        android:label="@string/app_name"
40-->src/main/AndroidManifest.xml:24:9-41
41        android:roundIcon="@mipmap/ic_launcher_round"
41-->src/main/AndroidManifest.xml:25:9-54
42        android:supportsRtl="true"
42-->src/main/AndroidManifest.xml:26:9-35
43        android:theme="@style/Theme.Countdown"
43-->src/main/AndroidManifest.xml:27:9-47
44        android:usesCleartextTraffic="false" >
44-->src/main/AndroidManifest.xml:28:9-45
45
46        <!-- Main Activity -->
47        <activity
47-->src/main/AndroidManifest.xml:32:9-40:20
48            android:name="com.countdown.app.MainActivity"
48-->src/main/AndroidManifest.xml:33:13-41
49            android:exported="true"
49-->src/main/AndroidManifest.xml:34:13-36
50            android:theme="@style/Theme.Countdown" >
50-->src/main/AndroidManifest.xml:35:13-51
51            <intent-filter>
51-->src/main/AndroidManifest.xml:36:13-39:29
52                <action android:name="android.intent.action.MAIN" />
52-->src/main/AndroidManifest.xml:37:17-69
52-->src/main/AndroidManifest.xml:37:25-66
53
54                <category android:name="android.intent.category.LAUNCHER" />
54-->src/main/AndroidManifest.xml:38:17-77
54-->src/main/AndroidManifest.xml:38:27-74
55            </intent-filter>
56        </activity>
57
58        <!-- Full Screen Alarm Activity -->
59        <activity
59-->src/main/AndroidManifest.xml:43:9-51:65
60            android:name="com.countdown.app.ui.alarm.AlarmActivity"
60-->src/main/AndroidManifest.xml:44:13-51
61            android:excludeFromRecents="true"
61-->src/main/AndroidManifest.xml:45:13-46
62            android:exported="false"
62-->src/main/AndroidManifest.xml:46:13-37
63            android:launchMode="singleTask"
63-->src/main/AndroidManifest.xml:47:13-44
64            android:showOnLockScreen="true"
64-->src/main/AndroidManifest.xml:48:13-44
65            android:showWhenLocked="true"
65-->src/main/AndroidManifest.xml:49:13-42
66            android:theme="@style/Theme.Countdown.FullScreen"
66-->src/main/AndroidManifest.xml:51:13-62
67            android:turnScreenOn="true" />
67-->src/main/AndroidManifest.xml:50:13-40
68
69        <!-- Alarm Receiver -->
70        <receiver
70-->src/main/AndroidManifest.xml:54:9-57:40
71            android:name="com.countdown.app.receiver.AlarmReceiver"
71-->src/main/AndroidManifest.xml:55:13-51
72            android:enabled="true"
72-->src/main/AndroidManifest.xml:56:13-35
73            android:exported="false" />
73-->src/main/AndroidManifest.xml:57:13-37
74
75        <!-- Boot Receiver -->
76        <receiver
76-->src/main/AndroidManifest.xml:60:9-71:20
77            android:name="com.countdown.app.receiver.BootReceiver"
77-->src/main/AndroidManifest.xml:61:13-50
78            android:enabled="true"
78-->src/main/AndroidManifest.xml:62:13-35
79            android:exported="true"
79-->src/main/AndroidManifest.xml:63:13-36
80            android:permission="android.permission.RECEIVE_BOOT_COMPLETED" >
80-->src/main/AndroidManifest.xml:64:13-75
81            <intent-filter>
81-->src/main/AndroidManifest.xml:65:13-70:29
82                <action android:name="android.intent.action.BOOT_COMPLETED" />
82-->src/main/AndroidManifest.xml:66:17-79
82-->src/main/AndroidManifest.xml:66:25-76
83                <action android:name="android.intent.action.LOCKED_BOOT_COMPLETED" />
83-->src/main/AndroidManifest.xml:67:17-86
83-->src/main/AndroidManifest.xml:67:25-83
84                <action android:name="android.intent.action.QUICKBOOT_POWERON" />
84-->src/main/AndroidManifest.xml:68:17-82
84-->src/main/AndroidManifest.xml:68:25-79
85                <action android:name="com.htc.intent.action.QUICKBOOT_POWERON" />
85-->src/main/AndroidManifest.xml:69:17-82
85-->src/main/AndroidManifest.xml:69:25-79
86            </intent-filter>
87        </receiver>
88
89        <!-- Time Change Receiver -->
90        <receiver
90-->src/main/AndroidManifest.xml:74:9-83:20
91            android:name="com.countdown.app.receiver.TimeChangeReceiver"
91-->src/main/AndroidManifest.xml:75:13-56
92            android:enabled="true"
92-->src/main/AndroidManifest.xml:76:13-35
93            android:exported="true" >
93-->src/main/AndroidManifest.xml:77:13-36
94            <intent-filter>
94-->src/main/AndroidManifest.xml:78:13-82:29
95                <action android:name="android.intent.action.TIME_CHANGED" />
95-->src/main/AndroidManifest.xml:79:17-77
95-->src/main/AndroidManifest.xml:79:25-74
96                <action android:name="android.intent.action.TIMEZONE_CHANGED" />
96-->src/main/AndroidManifest.xml:80:17-81
96-->src/main/AndroidManifest.xml:80:25-78
97                <action android:name="android.intent.action.DATE_CHANGED" />
97-->src/main/AndroidManifest.xml:81:17-77
97-->src/main/AndroidManifest.xml:81:25-74
98            </intent-filter>
99        </receiver>
100
101        <!-- Update Download Service -->
102        <service
102-->src/main/AndroidManifest.xml:86:9-89:58
103            android:name="com.countdown.app.service.DownloadService"
103-->src/main/AndroidManifest.xml:87:13-52
104            android:exported="false"
104-->src/main/AndroidManifest.xml:88:13-37
105            android:foregroundServiceType="specialUse" />
105-->src/main/AndroidManifest.xml:89:13-55
106
107        <!-- Widget Receiver -->
108        <receiver
108-->src/main/AndroidManifest.xml:92:9-102:20
109            android:name="com.countdown.app.widget.CountdownWidgetReceiver"
109-->src/main/AndroidManifest.xml:93:13-59
110            android:enabled="true"
110-->src/main/AndroidManifest.xml:94:13-35
111            android:exported="true" >
111-->src/main/AndroidManifest.xml:95:13-36
112            <intent-filter>
112-->src/main/AndroidManifest.xml:96:13-98:29
113                <action android:name="android.appwidget.action.APPWIDGET_UPDATE" />
113-->src/main/AndroidManifest.xml:97:17-84
113-->src/main/AndroidManifest.xml:97:25-81
114            </intent-filter>
115
116            <meta-data
116-->src/main/AndroidManifest.xml:99:13-101:65
117                android:name="android.appwidget.provider"
117-->src/main/AndroidManifest.xml:100:17-58
118                android:resource="@xml/countdown_widget_info" />
118-->src/main/AndroidManifest.xml:101:17-62
119        </receiver>
120
121        <!-- Widget Update Service -->
122        <service
122-->src/main/AndroidManifest.xml:105:9-109:72
123            android:name="com.countdown.app.widget.CountdownWidgetService"
123-->src/main/AndroidManifest.xml:106:13-58
124            android:enabled="true"
124-->src/main/AndroidManifest.xml:107:13-35
125            android:exported="false"
125-->src/main/AndroidManifest.xml:108:13-37
126            android:permission="android.permission.BIND_REMOTEVIEWS" />
126-->src/main/AndroidManifest.xml:109:13-69
127
128        <!-- FileProvider for APK install -->
129        <provider
130            android:name="androidx.core.content.FileProvider"
130-->src/main/AndroidManifest.xml:113:13-62
131            android:authorities="com.countdown.app.fileprovider"
131-->src/main/AndroidManifest.xml:114:13-64
132            android:exported="false"
132-->src/main/AndroidManifest.xml:115:13-37
133            android:grantUriPermissions="true" >
133-->src/main/AndroidManifest.xml:116:13-47
134            <meta-data
134-->src/main/AndroidManifest.xml:117:13-119:54
135                android:name="android.support.FILE_PROVIDER_PATHS"
135-->src/main/AndroidManifest.xml:118:17-67
136                android:resource="@xml/file_paths" />
136-->src/main/AndroidManifest.xml:119:17-51
137        </provider>
138
139        <activity
139-->[androidx.glance:glance-appwidget:1.0.0] AndroidManifest.xml:23:9-27:40
140            android:name="androidx.glance.appwidget.action.ActionTrampolineActivity"
140-->[androidx.glance:glance-appwidget:1.0.0] AndroidManifest.xml:24:13-85
141            android:enabled="true"
141-->[androidx.glance:glance-appwidget:1.0.0] AndroidManifest.xml:25:13-35
142            android:excludeFromRecents="true"
142-->[androidx.glance:glance-appwidget:1.0.0] AndroidManifest.xml:26:13-46
143            android:exported="false" />
143-->[androidx.glance:glance-appwidget:1.0.0] AndroidManifest.xml:27:13-37
144        <activity
144-->[androidx.glance:glance-appwidget:1.0.0] AndroidManifest.xml:28:9-35:81
145            android:name="androidx.glance.appwidget.action.InvisibleActionTrampolineActivity"
145-->[androidx.glance:glance-appwidget:1.0.0] AndroidManifest.xml:29:13-94
146            android:enabled="true"
146-->[androidx.glance:glance-appwidget:1.0.0] AndroidManifest.xml:30:13-35
147            android:exported="false"
147-->[androidx.glance:glance-appwidget:1.0.0] AndroidManifest.xml:31:13-37
148            android:launchMode="singleInstance"
148-->[androidx.glance:glance-appwidget:1.0.0] AndroidManifest.xml:32:13-48
149            android:noHistory="true"
149-->[androidx.glance:glance-appwidget:1.0.0] AndroidManifest.xml:33:13-37
150            android:taskAffinity="androidx.glance.appwidget.ListAdapterCallbackTrampoline"
150-->[androidx.glance:glance-appwidget:1.0.0] AndroidManifest.xml:34:13-91
151            android:theme="@style/Widget.Glance.AppWidget.CallbackTrampoline" />
151-->[androidx.glance:glance-appwidget:1.0.0] AndroidManifest.xml:35:13-78
152
153        <receiver
153-->[androidx.glance:glance-appwidget:1.0.0] AndroidManifest.xml:37:9-40:40
154            android:name="androidx.glance.appwidget.action.ActionCallbackBroadcastReceiver"
154-->[androidx.glance:glance-appwidget:1.0.0] AndroidManifest.xml:38:13-92
155            android:enabled="true"
155-->[androidx.glance:glance-appwidget:1.0.0] AndroidManifest.xml:39:13-35
156            android:exported="false" />
156-->[androidx.glance:glance-appwidget:1.0.0] AndroidManifest.xml:40:13-37
157        <receiver
157-->[androidx.glance:glance-appwidget:1.0.0] AndroidManifest.xml:41:9-48:20
158            android:name="androidx.glance.appwidget.MyPackageReplacedReceiver"
158-->[androidx.glance:glance-appwidget:1.0.0] AndroidManifest.xml:42:13-79
159            android:enabled="true"
159-->[androidx.glance:glance-appwidget:1.0.0] AndroidManifest.xml:43:13-35
160            android:exported="false" >
160-->[androidx.glance:glance-appwidget:1.0.0] AndroidManifest.xml:44:13-37
161            <intent-filter>
161-->[androidx.glance:glance-appwidget:1.0.0] AndroidManifest.xml:45:13-47:29
162                <action android:name="android.intent.action.MY_PACKAGE_REPLACED" />
162-->[androidx.glance:glance-appwidget:1.0.0] AndroidManifest.xml:46:17-84
162-->[androidx.glance:glance-appwidget:1.0.0] AndroidManifest.xml:46:25-81
163            </intent-filter>
164        </receiver>
165
166        <service
166-->[androidx.glance:glance-appwidget:1.0.0] AndroidManifest.xml:50:9-53:72
167            android:name="androidx.glance.appwidget.GlanceRemoteViewsService"
167-->[androidx.glance:glance-appwidget:1.0.0] AndroidManifest.xml:51:13-78
168            android:exported="true"
168-->[androidx.glance:glance-appwidget:1.0.0] AndroidManifest.xml:52:13-36
169            android:permission="android.permission.BIND_REMOTEVIEWS" />
169-->[androidx.glance:glance-appwidget:1.0.0] AndroidManifest.xml:53:13-69
170
171        <provider
171-->[androidx.work:work-runtime:2.7.1] AndroidManifest.xml:31:9-39:20
172            android:name="androidx.startup.InitializationProvider"
172-->[androidx.work:work-runtime:2.7.1] AndroidManifest.xml:32:13-67
173            android:authorities="com.countdown.app.androidx-startup"
173-->[androidx.work:work-runtime:2.7.1] AndroidManifest.xml:33:13-68
174            android:exported="false" >
174-->[androidx.work:work-runtime:2.7.1] AndroidManifest.xml:34:13-37
175            <meta-data
175-->[androidx.work:work-runtime:2.7.1] AndroidManifest.xml:36:13-38:52
176                android:name="androidx.work.WorkManagerInitializer"
176-->[androidx.work:work-runtime:2.7.1] AndroidManifest.xml:37:17-68
177                android:value="androidx.startup" />
177-->[androidx.work:work-runtime:2.7.1] AndroidManifest.xml:38:17-49
178            <meta-data
178-->[androidx.emoji2:emoji2:1.3.0] AndroidManifest.xml:29:13-31:52
179                android:name="androidx.emoji2.text.EmojiCompatInitializer"
179-->[androidx.emoji2:emoji2:1.3.0] AndroidManifest.xml:30:17-75
180                android:value="androidx.startup" />
180-->[androidx.emoji2:emoji2:1.3.0] AndroidManifest.xml:31:17-49
181            <meta-data
181-->[androidx.lifecycle:lifecycle-process:2.7.0] AndroidManifest.xml:29:13-31:52
182                android:name="androidx.lifecycle.ProcessLifecycleInitializer"
182-->[androidx.lifecycle:lifecycle-process:2.7.0] AndroidManifest.xml:30:17-78
183                android:value="androidx.startup" />
183-->[androidx.lifecycle:lifecycle-process:2.7.0] AndroidManifest.xml:31:17-49
184            <meta-data
184-->[androidx.profileinstaller:profileinstaller:1.3.0] AndroidManifest.xml:29:13-31:52
185                android:name="androidx.profileinstaller.ProfileInstallerInitializer"
185-->[androidx.profileinstaller:profileinstaller:1.3.0] AndroidManifest.xml:30:17-85
186                android:value="androidx.startup" />
186-->[androidx.profileinstaller:profileinstaller:1.3.0] AndroidManifest.xml:31:17-49
187        </provider>
188
189        <service
189-->[androidx.work:work-runtime:2.7.1] AndroidManifest.xml:41:9-46:35
190            android:name="androidx.work.impl.background.systemalarm.SystemAlarmService"
190-->[androidx.work:work-runtime:2.7.1] AndroidManifest.xml:42:13-88
191            android:directBootAware="false"
191-->[androidx.work:work-runtime:2.7.1] AndroidManifest.xml:43:13-44
192            android:enabled="@bool/enable_system_alarm_service_default"
192-->[androidx.work:work-runtime:2.7.1] AndroidManifest.xml:44:13-72
193            android:exported="false" />
193-->[androidx.work:work-runtime:2.7.1] AndroidManifest.xml:45:13-37
194        <service
194-->[androidx.work:work-runtime:2.7.1] AndroidManifest.xml:47:9-53:35
195            android:name="androidx.work.impl.background.systemjob.SystemJobService"
195-->[androidx.work:work-runtime:2.7.1] AndroidManifest.xml:48:13-84
196            android:directBootAware="false"
196-->[androidx.work:work-runtime:2.7.1] AndroidManifest.xml:49:13-44
197            android:enabled="@bool/enable_system_job_service_default"
197-->[androidx.work:work-runtime:2.7.1] AndroidManifest.xml:50:13-70
198            android:exported="true"
198-->[androidx.work:work-runtime:2.7.1] AndroidManifest.xml:51:13-36
199            android:permission="android.permission.BIND_JOB_SERVICE" />
199-->[androidx.work:work-runtime:2.7.1] AndroidManifest.xml:52:13-69
200        <service
200-->[androidx.work:work-runtime:2.7.1] AndroidManifest.xml:54:9-59:35
201            android:name="androidx.work.impl.foreground.SystemForegroundService"
201-->[androidx.work:work-runtime:2.7.1] AndroidManifest.xml:55:13-81
202            android:directBootAware="false"
202-->[androidx.work:work-runtime:2.7.1] AndroidManifest.xml:56:13-44
203            android:enabled="@bool/enable_system_foreground_service_default"
203-->[androidx.work:work-runtime:2.7.1] AndroidManifest.xml:57:13-77
204            android:exported="false" />
204-->[androidx.work:work-runtime:2.7.1] AndroidManifest.xml:58:13-37
205
206        <receiver
206-->[androidx.work:work-runtime:2.7.1] AndroidManifest.xml:61:9-66:35
207            android:name="androidx.work.impl.utils.ForceStopRunnable$BroadcastReceiver"
207-->[androidx.work:work-runtime:2.7.1] AndroidManifest.xml:62:13-88
208            android:directBootAware="false"
208-->[androidx.work:work-runtime:2.7.1] AndroidManifest.xml:63:13-44
209            android:enabled="true"
209-->[androidx.work:work-runtime:2.7.1] AndroidManifest.xml:64:13-35
210            android:exported="false" />
210-->[androidx.work:work-runtime:2.7.1] AndroidManifest.xml:65:13-37
211        <receiver
211-->[androidx.work:work-runtime:2.7.1] AndroidManifest.xml:67:9-77:20
212            android:name="androidx.work.impl.background.systemalarm.ConstraintProxy$BatteryChargingProxy"
212-->[androidx.work:work-runtime:2.7.1] AndroidManifest.xml:68:13-106
213            android:directBootAware="false"
213-->[androidx.work:work-runtime:2.7.1] AndroidManifest.xml:69:13-44
214            android:enabled="false"
214-->[androidx.work:work-runtime:2.7.1] AndroidManifest.xml:70:13-36
215            android:exported="false" >
215-->[androidx.work:work-runtime:2.7.1] AndroidManifest.xml:71:13-37
216            <intent-filter>
216-->[androidx.work:work-runtime:2.7.1] AndroidManifest.xml:73:13-76:29
217                <action android:name="android.intent.action.ACTION_POWER_CONNECTED" />
217-->[androidx.work:work-runtime:2.7.1] AndroidManifest.xml:74:17-87
217-->[androidx.work:work-runtime:2.7.1] AndroidManifest.xml:74:25-84
218                <action android:name="android.intent.action.ACTION_POWER_DISCONNECTED" />
218-->[androidx.work:work-runtime:2.7.1] AndroidManifest.xml:75:17-90
218-->[androidx.work:work-runtime:2.7.1] AndroidManifest.xml:75:25-87
219            </intent-filter>
220        </receiver>
221        <receiver
221-->[androidx.work:work-runtime:2.7.1] AndroidManifest.xml:78:9-88:20
222            android:name="androidx.work.impl.background.systemalarm.ConstraintProxy$BatteryNotLowProxy"
222-->[androidx.work:work-runtime:2.7.1] AndroidManifest.xml:79:13-104
223            android:directBootAware="false"
223-->[androidx.work:work-runtime:2.7.1] AndroidManifest.xml:80:13-44
224            android:enabled="false"
224-->[androidx.work:work-runtime:2.7.1] AndroidManifest.xml:81:13-36
225            android:exported="false" >
225-->[androidx.work:work-runtime:2.7.1] AndroidManifest.xml:82:13-37
226            <intent-filter>
226-->[androidx.work:work-runtime:2.7.1] AndroidManifest.xml:84:13-87:29
227                <action android:name="android.intent.action.BATTERY_OKAY" />
227-->[androidx.work:work-runtime:2.7.1] AndroidManifest.xml:85:17-77
227-->[androidx.work:work-runtime:2.7.1] AndroidManifest.xml:85:25-74
228                <action android:name="android.intent.action.BATTERY_LOW" />
228-->[androidx.work:work-runtime:2.7.1] AndroidManifest.xml:86:17-76
228-->[androidx.work:work-runtime:2.7.1] AndroidManifest.xml:86:25-73
229            </intent-filter>
230        </receiver>
231        <receiver
231-->[androidx.work:work-runtime:2.7.1] AndroidManifest.xml:89:9-99:20
232            android:name="androidx.work.impl.background.systemalarm.ConstraintProxy$StorageNotLowProxy"
232-->[androidx.work:work-runtime:2.7.1] AndroidManifest.xml:90:13-104
233            android:directBootAware="false"
233-->[androidx.work:work-runtime:2.7.1] AndroidManifest.xml:91:13-44
234            android:enabled="false"
234-->[androidx.work:work-runtime:2.7.1] AndroidManifest.xml:92:13-36
235            android:exported="false" >
235-->[androidx.work:work-runtime:2.7.1] AndroidManifest.xml:93:13-37
236            <intent-filter>
236-->[androidx.work:work-runtime:2.7.1] AndroidManifest.xml:95:13-98:29
237                <action android:name="android.intent.action.DEVICE_STORAGE_LOW" />
237-->[androidx.work:work-runtime:2.7.1] AndroidManifest.xml:96:17-83
237-->[androidx.work:work-runtime:2.7.1] AndroidManifest.xml:96:25-80
238                <action android:name="android.intent.action.DEVICE_STORAGE_OK" />
238-->[androidx.work:work-runtime:2.7.1] AndroidManifest.xml:97:17-82
238-->[androidx.work:work-runtime:2.7.1] AndroidManifest.xml:97:25-79
239            </intent-filter>
240        </receiver>
241        <receiver
241-->[androidx.work:work-runtime:2.7.1] AndroidManifest.xml:100:9-109:20
242            android:name="androidx.work.impl.background.systemalarm.ConstraintProxy$NetworkStateProxy"
242-->[androidx.work:work-runtime:2.7.1] AndroidManifest.xml:101:13-103
243            android:directBootAware="false"
243-->[androidx.work:work-runtime:2.7.1] AndroidManifest.xml:102:13-44
244            android:enabled="false"
244-->[androidx.work:work-runtime:2.7.1] AndroidManifest.xml:103:13-36
245            android:exported="false" >
245-->[androidx.work:work-runtime:2.7.1] AndroidManifest.xml:104:13-37
246            <intent-filter>
246-->[androidx.work:work-runtime:2.7.1] AndroidManifest.xml:106:13-108:29
247                <action android:name="android.net.conn.CONNECTIVITY_CHANGE" />
247-->[androidx.work:work-runtime:2.7.1] AndroidManifest.xml:107:17-79
247-->[androidx.work:work-runtime:2.7.1] AndroidManifest.xml:107:25-76
248            </intent-filter>
249        </receiver>
250        <receiver
250-->[androidx.work:work-runtime:2.7.1] AndroidManifest.xml:110:9-121:20
251            android:name="androidx.work.impl.background.systemalarm.RescheduleReceiver"
251-->[androidx.work:work-runtime:2.7.1] AndroidManifest.xml:111:13-88
252            android:directBootAware="false"
252-->[androidx.work:work-runtime:2.7.1] AndroidManifest.xml:112:13-44
253            android:enabled="false"
253-->[androidx.work:work-runtime:2.7.1] AndroidManifest.xml:113:13-36
254            android:exported="false" >
254-->[androidx.work:work-runtime:2.7.1] AndroidManifest.xml:114:13-37
255            <intent-filter>
255-->[androidx.work:work-runtime:2.7.1] AndroidManifest.xml:116:13-120:29
256                <action android:name="android.intent.action.BOOT_COMPLETED" />
256-->src/main/AndroidManifest.xml:66:17-79
256-->src/main/AndroidManifest.xml:66:25-76
257                <action android:name="android.intent.action.TIME_SET" />
257-->[androidx.work:work-runtime:2.7.1] AndroidManifest.xml:118:17-73
257-->[androidx.work:work-runtime:2.7.1] AndroidManifest.xml:118:25-70
258                <action android:name="android.intent.action.TIMEZONE_CHANGED" />
258-->src/main/AndroidManifest.xml:80:17-81
258-->src/main/AndroidManifest.xml:80:25-78
259            </intent-filter>
260        </receiver>
261        <receiver
261-->[androidx.work:work-runtime:2.7.1] AndroidManifest.xml:122:9-131:20
262            android:name="androidx.work.impl.background.systemalarm.ConstraintProxyUpdateReceiver"
262-->[androidx.work:work-runtime:2.7.1] AndroidManifest.xml:123:13-99
263            android:directBootAware="false"
263-->[androidx.work:work-runtime:2.7.1] AndroidManifest.xml:124:13-44
264            android:enabled="@bool/enable_system_alarm_service_default"
264-->[androidx.work:work-runtime:2.7.1] AndroidManifest.xml:125:13-72
265            android:exported="false" >
265-->[androidx.work:work-runtime:2.7.1] AndroidManifest.xml:126:13-37
266            <intent-filter>
266-->[androidx.work:work-runtime:2.7.1] AndroidManifest.xml:128:13-130:29
267                <action android:name="androidx.work.impl.background.systemalarm.UpdateProxies" />
267-->[androidx.work:work-runtime:2.7.1] AndroidManifest.xml:129:17-98
267-->[androidx.work:work-runtime:2.7.1] AndroidManifest.xml:129:25-95
268            </intent-filter>
269        </receiver>
270        <receiver
270-->[androidx.work:work-runtime:2.7.1] AndroidManifest.xml:132:9-142:20
271            android:name="androidx.work.impl.diagnostics.DiagnosticsReceiver"
271-->[androidx.work:work-runtime:2.7.1] AndroidManifest.xml:133:13-78
272            android:directBootAware="false"
272-->[androidx.work:work-runtime:2.7.1] AndroidManifest.xml:134:13-44
273            android:enabled="true"
273-->[androidx.work:work-runtime:2.7.1] AndroidManifest.xml:135:13-35
274            android:exported="true"
274-->[androidx.work:work-runtime:2.7.1] AndroidManifest.xml:136:13-36
275            android:permission="android.permission.DUMP" >
275-->[androidx.work:work-runtime:2.7.1] AndroidManifest.xml:137:13-57
276            <intent-filter>
276-->[androidx.work:work-runtime:2.7.1] AndroidManifest.xml:139:13-141:29
277                <action android:name="androidx.work.diagnostics.REQUEST_DIAGNOSTICS" />
277-->[androidx.work:work-runtime:2.7.1] AndroidManifest.xml:140:17-88
277-->[androidx.work:work-runtime:2.7.1] AndroidManifest.xml:140:25-85
278            </intent-filter>
279        </receiver>
280
281        <service
281-->[androidx.core:core-remoteviews:1.0.0] AndroidManifest.xml:24:9-27:63
282            android:name="androidx.core.widget.RemoteViewsCompatService"
282-->[androidx.core:core-remoteviews:1.0.0] AndroidManifest.xml:25:13-73
283            android:permission="android.permission.BIND_REMOTEVIEWS" />
283-->[androidx.core:core-remoteviews:1.0.0] AndroidManifest.xml:26:13-69
284
285        <activity
285-->[androidx.compose.ui:ui-tooling-android:1.6.1] AndroidManifest.xml:23:9-25:39
286            android:name="androidx.compose.ui.tooling.PreviewActivity"
286-->[androidx.compose.ui:ui-tooling-android:1.6.1] AndroidManifest.xml:24:13-71
287            android:exported="true" />
287-->[androidx.compose.ui:ui-tooling-android:1.6.1] AndroidManifest.xml:25:13-36
288        <activity
288-->[androidx.compose.ui:ui-test-manifest:1.6.1] AndroidManifest.xml:23:9-25:39
289            android:name="androidx.activity.ComponentActivity"
289-->[androidx.compose.ui:ui-test-manifest:1.6.1] AndroidManifest.xml:24:13-63
290            android:exported="true" />
290-->[androidx.compose.ui:ui-test-manifest:1.6.1] AndroidManifest.xml:25:13-36
291
292        <service
292-->[androidx.room:room-runtime:2.6.1] AndroidManifest.xml:24:9-28:63
293            android:name="androidx.room.MultiInstanceInvalidationService"
293-->[androidx.room:room-runtime:2.6.1] AndroidManifest.xml:25:13-74
294            android:directBootAware="true"
294-->[androidx.room:room-runtime:2.6.1] AndroidManifest.xml:26:13-43
295            android:exported="false" />
295-->[androidx.room:room-runtime:2.6.1] AndroidManifest.xml:27:13-37
296
297        <receiver
297-->[androidx.profileinstaller:profileinstaller:1.3.0] AndroidManifest.xml:34:9-52:20
298            android:name="androidx.profileinstaller.ProfileInstallReceiver"
298-->[androidx.profileinstaller:profileinstaller:1.3.0] AndroidManifest.xml:35:13-76
299            android:directBootAware="false"
299-->[androidx.profileinstaller:profileinstaller:1.3.0] AndroidManifest.xml:36:13-44
300            android:enabled="true"
300-->[androidx.profileinstaller:profileinstaller:1.3.0] AndroidManifest.xml:37:13-35
301            android:exported="true"